<?xml version="1.0" encoding="UTF-8"?>
<!-- Generated by org.testng.reporters.JUnitXMLReporter -->
<testsuite ignored="0" hostname="LAPTOP-LMKCGGE4" failures="0" tests="7" name="Default test" time="0.046" errors="0" timestamp="2022-09-08T02:47:03 IST">
  <testcase classname="testing.StringCalculatorTest" name="testAddMultipleNumbers" time="0.006"/>
  <testcase classname="testing.StringCalculatorTest" name="testAddOneNumber" time="0.001"/>
  <testcase classname="testing.StringCalculatorTest" name="testEmptyString" time="0.001"/>
  <testcase classname="testing.StringCalculatorTest" name="testNegativeNumber" time="0.001"/>
  <testcase classname="testing.StringCalculatorTest" name="testNewLine" time="0.001"/>
  <testcase classname="testing.StringCalculatorTest" name="testOtherDelimiter" time="0.001"/>
  <testcase classname="testing.StringCalculatorTest" name="testOverThousand" time="0.001"/>
</testsuite> <!-- Default test -->
