<?xml version="1.0" encoding="UTF-8"?>
<!-- Generated by org.testng.reporters.JUnitXMLReporter -->
<testsuite ignored="0" hostname="LAPTOP-LMKCGGE4" failures="0" tests="9" name="Default test" time="0.067" errors="0" timestamp="2022-09-08T02:57:38 IST">
  <testcase classname="testing.StringCalculatorTest" name="testAddMultipleNumbers" time="0.008"/>
  <testcase classname="testing.StringCalculatorTest" name="testAddOneNumber" time="0.001"/>
  <testcase classname="testing.StringCalculatorTest" name="testAddStringNumbers" time="0.002"/>
  <testcase classname="testing.StringCalculatorTest" name="testAddStrings" time="0.001"/>
  <testcase classname="testing.StringCalculatorTest" name="testEmptyString" time="0.002"/>
  <testcase classname="testing.StringCalculatorTest" name="testNegativeNumber" time="0.001"/>
  <testcase classname="testing.StringCalculatorTest" name="testNewLine" time="0.001"/>
  <testcase classname="testing.StringCalculatorTest" name="testOtherDelimiter" time="0.001"/>
  <testcase classname="testing.StringCalculatorTest" name="testOverThousand" time="0.001"/>
</testsuite> <!-- Default test -->
