<?xml version="1.0" encoding="UTF-8"?>
<testng-results ignored="0" total="1" passed="1" failed="0" skipped="0">
  <reporter-output>
  </reporter-output>
  <suite started-at="2022-09-08T02:26:38 IST" name="Default suite" finished-at="2022-09-08T02:26:38 IST" duration-ms="39">
    <groups>
    </groups>
    <test started-at="2022-09-08T02:26:38 IST" name="Default test" finished-at="2022-09-08T02:26:38 IST" duration-ms="39">
      <class name="testing.StringCalculatorTest">
        <test-method signature="testAdd()[pri:0, instance:testing.StringCalculatorTest@2e222612]" started-at="2022-09-08T02:26:38 IST" name="testAdd" finished-at="2022-09-08T02:26:38 IST" duration-ms="11" status="PASS">
          <reporter-output>
          </reporter-output>
        </test-method> <!-- testAdd -->
      </class> <!-- testing.StringCalculatorTest -->
    </test> <!-- Default test -->
  </suite> <!-- Default suite -->
</testng-results>
