<?xml version="1.0" encoding="UTF-8"?>
<testng-results ignored="0" total="9" passed="9" failed="0" skipped="0">
  <reporter-output>
  </reporter-output>
  <suite started-at="2022-09-08T02:57:38 IST" name="Default suite" finished-at="2022-09-08T02:57:38 IST" duration-ms="67">
    <groups>
    </groups>
    <test started-at="2022-09-08T02:57:38 IST" name="Default test" finished-at="2022-09-08T02:57:38 IST" duration-ms="67">
      <class name="testing.StringCalculatorTest">
        <test-method is-config="true" signature="init()[pri:0, instance:testing.StringCalculatorTest@793be5ca]" started-at="2022-09-08T02:57:38 IST" name="init" finished-at="2022-09-08T02:57:38 IST" duration-ms="7" status="PASS">
          <reporter-output>
          </reporter-output>
        </test-method> <!-- init -->
        <test-method signature="testAddMultipleNumbers()[pri:0, instance:testing.StringCalculatorTest@793be5ca]" started-at="2022-09-08T02:57:38 IST" name="testAddMultipleNumbers" finished-at="2022-09-08T02:57:38 IST" duration-ms="8" status="PASS">
          <reporter-output>
          </reporter-output>
        </test-method> <!-- testAddMultipleNumbers -->
        <test-method signature="testAddOneNumber()[pri:0, instance:testing.StringCalculatorTest@793be5ca]" started-at="2022-09-08T02:57:38 IST" name="testAddOneNumber" finished-at="2022-09-08T02:57:38 IST" duration-ms="1" status="PASS">
          <reporter-output>
          </reporter-output>
        </test-method> <!-- testAddOneNumber -->
        <test-method signature="testAddStringNumbers()[pri:0, instance:testing.StringCalculatorTest@793be5ca]" started-at="2022-09-08T02:57:38 IST" name="testAddStringNumbers" finished-at="2022-09-08T02:57:38 IST" duration-ms="2" status="PASS">
          <reporter-output>
          </reporter-output>
        </test-method> <!-- testAddStringNumbers -->
        <test-method signature="testAddStrings()[pri:0, instance:testing.StringCalculatorTest@793be5ca]" started-at="2022-09-08T02:57:38 IST" name="testAddStrings" finished-at="2022-09-08T02:57:38 IST" duration-ms="1" status="PASS">
          <reporter-output>
          </reporter-output>
        </test-method> <!-- testAddStrings -->
        <test-method signature="testEmptyString()[pri:0, instance:testing.StringCalculatorTest@793be5ca]" started-at="2022-09-08T02:57:38 IST" name="testEmptyString" finished-at="2022-09-08T02:57:38 IST" duration-ms="2" status="PASS">
          <reporter-output>
          </reporter-output>
        </test-method> <!-- testEmptyString -->
        <test-method signature="testNegativeNumber()[pri:0, instance:testing.StringCalculatorTest@793be5ca]" started-at="2022-09-08T02:57:38 IST" name="testNegativeNumber" finished-at="2022-09-08T02:57:38 IST" duration-ms="1" status="PASS">
          <reporter-output>
          </reporter-output>
        </test-method> <!-- testNegativeNumber -->
        <test-method signature="testNewLine()[pri:0, instance:testing.StringCalculatorTest@793be5ca]" started-at="2022-09-08T02:57:38 IST" name="testNewLine" finished-at="2022-09-08T02:57:38 IST" duration-ms="1" status="PASS">
          <reporter-output>
          </reporter-output>
        </test-method> <!-- testNewLine -->
        <test-method signature="testOtherDelimiter()[pri:0, instance:testing.StringCalculatorTest@793be5ca]" started-at="2022-09-08T02:57:38 IST" name="testOtherDelimiter" finished-at="2022-09-08T02:57:38 IST" duration-ms="1" status="PASS">
          <reporter-output>
          </reporter-output>
        </test-method> <!-- testOtherDelimiter -->
        <test-method signature="testOverThousand()[pri:0, instance:testing.StringCalculatorTest@793be5ca]" started-at="2022-09-08T02:57:38 IST" name="testOverThousand" finished-at="2022-09-08T02:57:38 IST" duration-ms="1" status="PASS">
          <reporter-output>
          </reporter-output>
        </test-method> <!-- testOverThousand -->
        <test-method is-config="true" signature="destroy()[pri:0, instance:testing.StringCalculatorTest@793be5ca]" started-at="2022-09-08T02:57:38 IST" name="destroy" finished-at="2022-09-08T02:57:38 IST" duration-ms="1" status="PASS">
          <reporter-output>
          </reporter-output>
        </test-method> <!-- destroy -->
      </class> <!-- testing.StringCalculatorTest -->
    </test> <!-- Default test -->
  </suite> <!-- Default suite -->
</testng-results>
