<?xml version="1.0" encoding="UTF-8"?>
<!-- Generated by org.testng.reporters.JUnitReportReporter -->
<testsuite hostname="LAPTOP-LMKCGGE4" failures="0" tests="9" name="testing.StringCalculatorTest" time="0.018" errors="0" timestamp="2022-09-08T02:57:38 IST" skipped="0">
  <testcase classname="testing.StringCalculatorTest" name="testAddMultipleNumbers" time="0.008"/>
  <system-out/>
  <testcase classname="testing.StringCalculatorTest" name="testAddOneNumber" time="0.001"/>
  <system-out/>
  <testcase classname="testing.StringCalculatorTest" name="testNegativeNumber" time="0.001"/>
  <system-out/>
  <testcase classname="testing.StringCalculatorTest" name="testNewLine" time="0.001"/>
  <system-out/>
  <testcase classname="testing.StringCalculatorTest" name="testOtherDelimiter" time="0.001"/>
  <system-out/>
  <testcase classname="testing.StringCalculatorTest" name="testEmptyString" time="0.002"/>
  <system-out/>
  <testcase classname="testing.StringCalculatorTest" name="testAddStringNumbers" time="0.002"/>
  <system-out/>
  <testcase classname="testing.StringCalculatorTest" name="testOverThousand" time="0.001"/>
  <system-out/>
  <testcase classname="testing.StringCalculatorTest" name="testAddStrings" time="0.001"/>
  <system-out/>
</testsuite> <!-- testing.StringCalculatorTest -->
